0 info it worked if it ends with ok
1 verbose cli [ 'node', '/usr/local/bin/npm', 'run', 'server' ]
2 info using npm@2.5.1
3 info using node@v0.12.0
4 verbose run-script [ 'preserver', 'server', 'postserver' ]
5 info preserver react_react-router_flummox_browserify_example@0.0.1
6 info server react_react-router_flummox_browserify_example@0.0.1
7 verbose unsafe-perm in lifecycle true
8 info react_react-router_flummox_browserify_example@0.0.1 Failed to exec server script
9 verbose stack Error: react_react-router_flummox_browserify_example@0.0.1 server: `babel-node --experimental --optional='asyncToGenerator' server/server.js`
9 verbose stack Exit status 1
9 verbose stack     at EventEmitter.<anonymous> (/usr/local/lib/node_modules/npm/lib/utils/lifecycle.js:213:16)
9 verbose stack     at EventEmitter.emit (events.js:110:17)
9 verbose stack     at ChildProcess.<anonymous> (/usr/local/lib/node_modules/npm/lib/utils/spawn.js:14:12)
9 verbose stack     at ChildProcess.emit (events.js:110:17)
9 verbose stack     at maybeClose (child_process.js:1008:16)
9 verbose stack     at Process.ChildProcess._handle.onexit (child_process.js:1080:5)
10 verbose pkgid react_react-router_flummox_browserify_example@0.0.1
11 verbose cwd /Volumes/DATA/2015/github/react_react-router_flummox_example
12 error Darwin 14.1.0
13 error argv "node" "/usr/local/bin/npm" "run" "server"
14 error node v0.12.0
15 error npm  v2.5.1
16 error code ELIFECYCLE
17 error react_react-router_flummox_browserify_example@0.0.1 server: `babel-node --experimental --optional='asyncToGenerator' server/server.js`
17 error Exit status 1
18 error Failed at the react_react-router_flummox_browserify_example@0.0.1 server script 'babel-node --experimental --optional='asyncToGenerator' server/server.js'.
18 error This is most likely a problem with the react_react-router_flummox_browserify_example package,
18 error not with npm itself.
18 error Tell the author that this fails on your system:
18 error     babel-node --experimental --optional='asyncToGenerator' server/server.js
18 error You can get their info via:
18 error     npm owner ls react_react-router_flummox_browserify_example
18 error There is likely additional logging output above.
19 verbose exit [ 1, true ]
